# Activity Log

## Run Summary
- 2026-01-26 14:28:08 | run=20260126-140911-55357 | iter=2 | mode=build | story=US-004 | duration=336s | status=success
- 2026-01-26 14:22:30 | run=20260126-140911-55357 | iter=1 | mode=build | story=US-003 | duration=799s | status=success
- 2026-01-25 21:09:07 | run=20260125-204012-65223 | iter=25 | mode=build | story=US-003 | duration=0s | status=error
- 2026-01-25 21:09:04 | run=20260125-204012-65223 | iter=24 | mode=build | story=US-003 | duration=0s | status=error
- 2026-01-25 21:09:01 | run=20260125-204012-65223 | iter=23 | mode=build | story=US-003 | duration=0s | status=error
- 2026-01-25 21:08:58 | run=20260125-204012-65223 | iter=22 | mode=build | story=US-003 | duration=0s | status=error
- 2026-01-25 21:08:55 | run=20260125-204012-65223 | iter=21 | mode=build | story=US-003 | duration=1s | status=error
- 2026-01-25 21:08:52 | run=20260125-204012-65223 | iter=20 | mode=build | story=US-003 | duration=1s | status=error
- 2026-01-25 21:08:49 | run=20260125-204012-65223 | iter=19 | mode=build | story=US-003 | duration=1s | status=error
- 2026-01-25 21:08:46 | run=20260125-204012-65223 | iter=18 | mode=build | story=US-003 | duration=1s | status=error
- 2026-01-25 21:08:42 | run=20260125-204012-65223 | iter=17 | mode=build | story=US-003 | duration=0s | status=error
- 2026-01-25 21:08:39 | run=20260125-204012-65223 | iter=16 | mode=build | story=US-003 | duration=0s | status=error
- 2026-01-25 21:08:37 | run=20260125-204012-65223 | iter=15 | mode=build | story=US-003 | duration=0s | status=error
- 2026-01-25 21:08:34 | run=20260125-204012-65223 | iter=14 | mode=build | story=US-003 | duration=0s | status=error
- 2026-01-25 21:08:31 | run=20260125-204012-65223 | iter=13 | mode=build | story=US-003 | duration=1s | status=error
- 2026-01-25 21:08:28 | run=20260125-204012-65223 | iter=12 | mode=build | story=US-003 | duration=1s | status=error
- 2026-01-25 21:08:25 | run=20260125-204012-65223 | iter=11 | mode=build | story=US-003 | duration=1s | status=error
- 2026-01-25 21:08:22 | run=20260125-204012-65223 | iter=10 | mode=build | story=US-003 | duration=1s | status=error
- 2026-01-25 21:08:19 | run=20260125-204012-65223 | iter=9 | mode=build | story=US-003 | duration=1s | status=error
- 2026-01-25 21:08:16 | run=20260125-204012-65223 | iter=8 | mode=build | story=US-003 | duration=1s | status=error
- 2026-01-25 21:08:13 | run=20260125-204012-65223 | iter=7 | mode=build | story=US-003 | duration=1s | status=error
- 2026-01-25 21:08:10 | run=20260125-204012-65223 | iter=6 | mode=build | story=US-003 | duration=1s | status=error
- 2026-01-25 21:08:07 | run=20260125-204012-65223 | iter=5 | mode=build | story=US-003 | duration=1s | status=error
- 2026-01-25 21:08:04 | run=20260125-204012-65223 | iter=4 | mode=build | story=US-003 | duration=1s | status=error
- 2026-01-25 21:08:01 | run=20260125-204012-65223 | iter=3 | mode=build | story=US-003 | duration=2s | status=error
- 2026-01-25 21:07:57 | run=20260125-204012-65223 | iter=2 | mode=build | story=US-002 | duration=1250s | status=success
- 2026-01-25 20:47:05 | run=20260125-204012-65223 | iter=1 | mode=build | story=US-001 | duration=413s | status=success

## Events

[2026-01-25 20:40:12] ITERATION 1 start (mode=build story=US-001)
[2026-01-25 20:40:36] Start US-001 inventory oversized files
[2026-01-25 20:42:52] Added oversized file inventory and split plan
[2026-01-25 20:43:19] Completed verification commands (test/lint/typecheck/build)
[2026-01-25 20:46:15] Updated progress log for US-001
[2026-01-25 20:47:05] ITERATION 1 end (duration=413s)
[2026-01-25 20:47:07] ITERATION 2 start (mode=build story=US-002)
[2026-01-25 20:47:25] Start US-002 work
[2026-01-25 20:59:27] Refactored swipe screen into feature modules (hooks/services/components)
[2026-01-25 21:02:54] Completed verification commands (test/lint/typecheck/build/web)
[2026-01-25 21:06:57] Updated progress log for US-002
[2026-01-25 21:07:57] ITERATION 2 end (duration=1250s)
[2026-01-25 21:07:59] ITERATION 3 start (mode=build story=US-003)
[2026-01-25 21:08:01] ITERATION 3 end (duration=2s)
[2026-01-25 21:08:03] ITERATION 4 start (mode=build story=US-003)
[2026-01-25 21:08:04] ITERATION 4 end (duration=1s)
[2026-01-25 21:08:06] ITERATION 5 start (mode=build story=US-003)
[2026-01-25 21:08:07] ITERATION 5 end (duration=1s)
[2026-01-25 21:08:09] ITERATION 6 start (mode=build story=US-003)
[2026-01-25 21:08:10] ITERATION 6 end (duration=1s)
[2026-01-25 21:08:12] ITERATION 7 start (mode=build story=US-003)
[2026-01-25 21:08:13] ITERATION 7 end (duration=1s)
[2026-01-25 21:08:15] ITERATION 8 start (mode=build story=US-003)
[2026-01-25 21:08:16] ITERATION 8 end (duration=1s)
[2026-01-25 21:08:18] ITERATION 9 start (mode=build story=US-003)
[2026-01-25 21:08:19] ITERATION 9 end (duration=1s)
[2026-01-25 21:08:21] ITERATION 10 start (mode=build story=US-003)
[2026-01-25 21:08:22] ITERATION 10 end (duration=1s)
[2026-01-25 21:08:24] ITERATION 11 start (mode=build story=US-003)
[2026-01-25 21:08:25] ITERATION 11 end (duration=1s)
[2026-01-25 21:08:27] ITERATION 12 start (mode=build story=US-003)
[2026-01-25 21:08:28] ITERATION 12 end (duration=1s)
[2026-01-25 21:08:30] ITERATION 13 start (mode=build story=US-003)
[2026-01-25 21:08:31] ITERATION 13 end (duration=1s)
[2026-01-25 21:08:33] ITERATION 14 start (mode=build story=US-003)
[2026-01-25 21:08:34] ITERATION 14 end (duration=0s)
[2026-01-25 21:08:36] ITERATION 15 start (mode=build story=US-003)
[2026-01-25 21:08:36] ITERATION 15 end (duration=0s)
[2026-01-25 21:08:39] ITERATION 16 start (mode=build story=US-003)
[2026-01-25 21:08:39] ITERATION 16 end (duration=0s)
[2026-01-25 21:08:42] ITERATION 17 start (mode=build story=US-003)
[2026-01-25 21:08:42] ITERATION 17 end (duration=0s)
[2026-01-25 21:08:45] ITERATION 18 start (mode=build story=US-003)
[2026-01-25 21:08:46] ITERATION 18 end (duration=1s)
[2026-01-25 21:08:48] ITERATION 19 start (mode=build story=US-003)
[2026-01-25 21:08:49] ITERATION 19 end (duration=1s)
[2026-01-25 21:08:51] ITERATION 20 start (mode=build story=US-003)
[2026-01-25 21:08:52] ITERATION 20 end (duration=1s)
[2026-01-25 21:08:54] ITERATION 21 start (mode=build story=US-003)
[2026-01-25 21:08:55] ITERATION 21 end (duration=1s)
[2026-01-25 21:08:57] ITERATION 22 start (mode=build story=US-003)
[2026-01-25 21:08:58] ITERATION 22 end (duration=0s)
[2026-01-25 21:09:00] ITERATION 23 start (mode=build story=US-003)
[2026-01-25 21:09:00] ITERATION 23 end (duration=0s)
[2026-01-25 21:09:03] ITERATION 24 start (mode=build story=US-003)
[2026-01-25 21:09:04] ITERATION 24 end (duration=0s)
[2026-01-25 21:09:06] ITERATION 25 start (mode=build story=US-003)
[2026-01-25 21:09:06] ITERATION 25 end (duration=0s)
[2026-01-26 14:09:11] ITERATION 1 start (mode=build story=US-003)
[2026-01-26 14:09:37] Start US-003 refactor oversized shared components
[2026-01-26 14:14:12] Refactored IntensitySlider into subcomponents and extracted constants/styles
[2026-01-26 14:17:23] Attempted Expo web for browser verification; expo start --web failed with localStorage.getItem error
[2026-01-26 14:17:58] Ran quality gates and build (npm test failed: missing script; npm run lint failed with existing issues; npm run typecheck/build passed)
[2026-01-26 14:21:26] Updated progress log for US-003 with commit/tests
[2026-01-26 14:22:30] ITERATION 1 end (duration=799s)
[2026-01-26 14:22:32] ITERATION 2 start (mode=build story=US-004)
[2026-01-26 14:22:45] Start US-004 work
[2026-01-26 14:25:08] Refactored useSwipeScreen helpers
[2026-01-26 14:26:13] Ran tests and build for US-004
[2026-01-26 14:26:51] Updated progress log for US-004
[2026-01-26 14:27:24] Committed US-004 changes
[2026-01-26 14:28:08] ITERATION 2 end (duration=336s)
[2026-01-26 14:28:10] ITERATION 3 start (mode=build story=US-005)
[2026-01-26 14:28:59] Start US-005 validation run (manual log; helper missing)
[2026-01-26 14:29:29] Added root test script for US-005
[2026-01-26 14:30:41] Fixed lint hook violations for US-005
[2026-01-26 14:31:01] Ran npm test, lint, typecheck, build for US-005
[2026-01-26 14:31:14] Added AGENTS.md operational notes
[2026-01-26 14:32:00] Re-ran npm test after lint fixes
